Base path: '/home/zuri/Unity/Hub/Editor/2022.3.30f1/Editor/Data', plugins path '/home/zuri/Unity/Hub/Editor/2022.3.30f1/Editor/Data/PlaybackEngines'
Cmd: initializeCompiler

Cmd: compileComputeKernel
  insize=404 file=Assets/Shaders/FluidComputeShader.compute kernel=CSMain ppOnly=0 stripLineD=0 buildPlatform=24 km=<UNITY_VERSION=202239> pKW=UNITY_ENABLE_REFLECTION_BUFFERS UNITY_USE_DITHER_MASK_FOR_ALPHABLENDED_SHADOWS UNITY_PBS_USE_BRDF1 UNITY_SPECCUBE_BOX_PROJECTION UNITY_SPECCUBE_BLENDING UNITY_ENABLE_DETAIL_NORMALMAP SHADER_API_DESKTOP UNITY_LIGHT_PROBE_PROXY_VOLUME UNITY_LIGHTMAP_FULL_HDR uKW=SHADER_STAGE_COMPUTE platform=vulkan flags=4096 reqs=16385 forceDXC=0 forceFXC=0 ok=1 outsize=1981

Cmd: compileComputeKernel
  insize=404 file=Assets/Shaders/FluidComputeShader.compute kernel=CSMain ppOnly=0 stripLineD=0 buildPlatform=24 km=<UNITY_VERSION=202239> pKW=UNITY_ENABLE_REFLECTION_BUFFERS UNITY_USE_DITHER_MASK_FOR_ALPHABLENDED_SHADOWS UNITY_PBS_USE_BRDF1 UNITY_SPECCUBE_BOX_PROJECTION UNITY_SPECCUBE_BLENDING UNITY_ENABLE_DETAIL_NORMALMAP SHADER_API_DESKTOP UNITY_LIGHT_PROBE_PROXY_VOLUME UNITY_LIGHTMAP_FULL_HDR uKW=SHADER_STAGE_COMPUTE platform=glcore flags=4096 reqs=16385 forceDXC=0 forceFXC=0 ok=1 outsize=901

Cmd: compileComputeKernel
  insize=2151 file=Assets/Shaders/FluidComputeShader.compute kernel=ApplyAdvection ppOnly=0 stripLineD=0 buildPlatform=24 km=<UNITY_VERSION=202239> pKW=UNITY_ENABLE_REFLECTION_BUFFERS UNITY_USE_DITHER_MASK_FOR_ALPHABLENDED_SHADOWS UNITY_PBS_USE_BRDF1 UNITY_SPECCUBE_BOX_PROJECTION UNITY_SPECCUBE_BLENDING UNITY_ENABLE_DETAIL_NORMALMAP SHADER_API_DESKTOP UNITY_LIGHT_PROBE_PROXY_VOLUME UNITY_LIGHTMAP_FULL_HDR uKW=SHADER_STAGE_COMPUTE platform=vulkan flags=4096 reqs=16385 forceDXC=0 forceFXC=0  error: 1 plat 18 at FluidComputeShader.compute(33): signed/unsigned mismatch, unsigned assumed
  error: 1 plat 18 at FluidComputeShader.compute(49): signed/unsigned mismatch, unsigned assumed
  error: 1 plat 18 at FluidComputeShader.compute(53): signed/unsigned mismatch, unsigned assumed
  error: 1 plat 18 at FluidComputeShader.compute(66): signed/unsigned mismatch, unsigned assumed
  error: 1 plat 18 at FluidComputeShader.compute(70): signed/unsigned mismatch, unsigned assumed
 ok=1 outsize=6096

Cmd: compileComputeKernel
  insize=2151 file=Assets/Shaders/FluidComputeShader.compute kernel=ExtrapolateVelocities ppOnly=0 stripLineD=0 buildPlatform=24 km=<UNITY_VERSION=202239> pKW=UNITY_ENABLE_REFLECTION_BUFFERS UNITY_USE_DITHER_MASK_FOR_ALPHABLENDED_SHADOWS UNITY_PBS_USE_BRDF1 UNITY_SPECCUBE_BOX_PROJECTION UNITY_SPECCUBE_BLENDING UNITY_ENABLE_DETAIL_NORMALMAP SHADER_API_DESKTOP UNITY_LIGHT_PROBE_PROXY_VOLUME UNITY_LIGHTMAP_FULL_HDR uKW=SHADER_STAGE_COMPUTE platform=vulkan flags=4096 reqs=16385 forceDXC=0 forceFXC=0  error: 1 plat 18 at FluidComputeShader.compute(33): signed/unsigned mismatch, unsigned assumed
  error: 1 plat 18 at FluidComputeShader.compute(49): signed/unsigned mismatch, unsigned assumed
  error: 1 plat 18 at FluidComputeShader.compute(53): signed/unsigned mismatch, unsigned assumed
  error: 1 plat 18 at FluidComputeShader.compute(66): signed/unsigned mismatch, unsigned assumed
  error: 1 plat 18 at FluidComputeShader.compute(70): signed/unsigned mismatch, unsigned assumed
 ok=1 outsize=4682

Cmd: compileComputeKernel
  insize=2151 file=Assets/Shaders/FluidComputeShader.compute kernel=CSMain ppOnly=0 stripLineD=0 buildPlatform=24 km=<UNITY_VERSION=202239> pKW=UNITY_ENABLE_REFLECTION_BUFFERS UNITY_USE_DITHER_MASK_FOR_ALPHABLENDED_SHADOWS UNITY_PBS_USE_BRDF1 UNITY_SPECCUBE_BOX_PROJECTION UNITY_SPECCUBE_BLENDING UNITY_ENABLE_DETAIL_NORMALMAP SHADER_API_DESKTOP UNITY_LIGHT_PROBE_PROXY_VOLUME UNITY_LIGHTMAP_FULL_HDR uKW=SHADER_STAGE_COMPUTE platform=vulkan flags=4096 reqs=16385 forceDXC=0 forceFXC=0  error: 1 plat 18 at FluidComputeShader.compute(33): signed/unsigned mismatch, unsigned assumed
  error: 1 plat 18 at FluidComputeShader.compute(49): signed/unsigned mismatch, unsigned assumed
  error: 1 plat 18 at FluidComputeShader.compute(53): signed/unsigned mismatch, unsigned assumed
  error: 1 plat 18 at FluidComputeShader.compute(66): signed/unsigned mismatch, unsigned assumed
  error: 1 plat 18 at FluidComputeShader.compute(70): signed/unsigned mismatch, unsigned assumed
 ok=1 outsize=3679

Cmd: compileComputeKernel
  insize=2151 file=Assets/Shaders/FluidComputeShader.compute kernel=ApplyAdvection ppOnly=0 stripLineD=0 buildPlatform=24 km=<UNITY_VERSION=202239> pKW=UNITY_ENABLE_REFLECTION_BUFFERS UNITY_USE_DITHER_MASK_FOR_ALPHABLENDED_SHADOWS UNITY_PBS_USE_BRDF1 UNITY_SPECCUBE_BOX_PROJECTION UNITY_SPECCUBE_BLENDING UNITY_ENABLE_DETAIL_NORMALMAP SHADER_API_DESKTOP UNITY_LIGHT_PROBE_PROXY_VOLUME UNITY_LIGHTMAP_FULL_HDR uKW=SHADER_STAGE_COMPUTE platform=glcore flags=4096 reqs=16385 forceDXC=0 forceFXC=0  error: 1 plat 15 at FluidComputeShader.compute(33): signed/unsigned mismatch, unsigned assumed
  error: 1 plat 15 at FluidComputeShader.compute(49): signed/unsigned mismatch, unsigned assumed
  error: 1 plat 15 at FluidComputeShader.compute(53): signed/unsigned mismatch, unsigned assumed
  error: 1 plat 15 at FluidComputeShader.compute(66): signed/unsigned mismatch, unsigned assumed
  error: 1 plat 15 at FluidComputeShader.compute(70): signed/unsigned mismatch, unsigned assumed
 ok=1 outsize=3031

Cmd: compileComputeKernel
  insize=2151 file=Assets/Shaders/FluidComputeShader.compute kernel=ExtrapolateVelocities ppOnly=0 stripLineD=0 buildPlatform=24 km=<UNITY_VERSION=202239> pKW=UNITY_ENABLE_REFLECTION_BUFFERS UNITY_USE_DITHER_MASK_FOR_ALPHABLENDED_SHADOWS UNITY_PBS_USE_BRDF1 UNITY_SPECCUBE_BOX_PROJECTION UNITY_SPECCUBE_BLENDING UNITY_ENABLE_DETAIL_NORMALMAP SHADER_API_DESKTOP UNITY_LIGHT_PROBE_PROXY_VOLUME UNITY_LIGHTMAP_FULL_HDR uKW=SHADER_STAGE_COMPUTE platform=glcore flags=4096 reqs=16385 forceDXC=0 forceFXC=0  error: 1 plat 15 at FluidComputeShader.compute(33): signed/unsigned mismatch, unsigned assumed
  error: 1 plat 15 at FluidComputeShader.compute(49): signed/unsigned mismatch, unsigned assumed
  error: 1 plat 15 at FluidComputeShader.compute(53): signed/unsigned mismatch, unsigned assumed
  error: 1 plat 15 at FluidComputeShader.compute(66): signed/unsigned mismatch, unsigned assumed
  error: 1 plat 15 at FluidComputeShader.compute(70): signed/unsigned mismatch, unsigned assumed
 ok=1 outsize=2457

Cmd: compileComputeKernel
  insize=2151 file=Assets/Shaders/FluidComputeShader.compute kernel=CSMain ppOnly=0 stripLineD=0 buildPlatform=24 km=<UNITY_VERSION=202239> pKW=UNITY_ENABLE_REFLECTION_BUFFERS UNITY_USE_DITHER_MASK_FOR_ALPHABLENDED_SHADOWS UNITY_PBS_USE_BRDF1 UNITY_SPECCUBE_BOX_PROJECTION UNITY_SPECCUBE_BLENDING UNITY_ENABLE_DETAIL_NORMALMAP SHADER_API_DESKTOP UNITY_LIGHT_PROBE_PROXY_VOLUME UNITY_LIGHTMAP_FULL_HDR uKW=SHADER_STAGE_COMPUTE platform=glcore flags=4096 reqs=16385 forceDXC=0 forceFXC=0  error: 1 plat 15 at FluidComputeShader.compute(33): signed/unsigned mismatch, unsigned assumed
  error: 1 plat 15 at FluidComputeShader.compute(49): signed/unsigned mismatch, unsigned assumed
  error: 1 plat 15 at FluidComputeShader.compute(53): signed/unsigned mismatch, unsigned assumed
  error: 1 plat 15 at FluidComputeShader.compute(66): signed/unsigned mismatch, unsigned assumed
  error: 1 plat 15 at FluidComputeShader.compute(70): signed/unsigned mismatch, unsigned assumed
 ok=1 outsize=2004

